bittorrent.py
maketorrent.py
BitTorrent/GUI.py
BitTorrent/TorrentQueue.py
BitTorrent/NewVersion.py
BitTorrent/StatusLight.py
BitTorrent/defaultargs.py
bittorrent-console.py
bittorrent-curses.py
bittorrent.py
bittorrent-tracker.py
changetracker-console.py
language_codes.py
launchmany-console.py
launchmany-curses.py
maketorrent-console.py
maketorrent.py
setup.py
torrentinfo-console.py
./bittorrent-tracker.py
./maketorrent-console.py
./torrentinfo-console.py
./bittorrent-console.py
./bittorrent-curses.py
./launchmany-curses.py
./bittorrent.py
./language_codes.py
./khashmir/krpc.py
./khashmir/util.py
./khashmir/inserter.py
./khashmir/unet.py
./khashmir/knode.py
./khashmir/actions.py
./khashmir/node.py
./khashmir/khashmir.py
./khashmir/hammerlock.py
./khashmir/kstore.py
./khashmir/utkhashmir.py
./khashmir/__init__.py
./khashmir/test_khashmir.py
./khashmir/knet.py
./khashmir/test.py
./khashmir/const.py
./khashmir/khash.py
./khashmir/KRateLimiter.py
./khashmir/test_krpc.py
./khashmir/cache.py
./khashmir/setup.py
./khashmir/test_kstore.py
./khashmir/ktable.py
./BitTorrent/defaultargs.py
./BitTorrent/obsoletepythonsupport.py
./BitTorrent/NewVersion.py
./BitTorrent/defer.py
./BitTorrent/download.py
./BitTorrent/Rerequester.py
./BitTorrent/bencode.py
./BitTorrent/btformats.py
./BitTorrent/Desktop.py
./BitTorrent/ConvertedMetainfo.py
./BitTorrent/TorrentQueue.py
./BitTorrent/RawServer_magic.py
./BitTorrent/BeautifulSupe.py
./BitTorrent/parsedir.py
./BitTorrent/Downloader.py
./BitTorrent/__init__.py
./BitTorrent/IPC.py
./BitTorrent/bitfield.py
./BitTorrent/NatTraversal.py
./BitTorrent/GetTorrent.py
./BitTorrent/track.py
./BitTorrent/Storage.py
./BitTorrent/selectpoll.py
./BitTorrent/PeerID.py
./BitTorrent/Encoder.py
./BitTorrent/RawServer_twisted.py
./BitTorrent/zurllib.py
./BitTorrent/CurrentRateMeasure.py
./BitTorrent/Choker.py
./BitTorrent/RateMeasure.py
./BitTorrent/configfile.py
./BitTorrent/PiecePicker.py
./BitTorrent/GUI.py
./BitTorrent/Connecter.py
./BitTorrent/language.py
./BitTorrent/makemetafile.py
./BitTorrent/launchmanycore.py
./BitTorrent/LaunchPath.py
./BitTorrent/StatusLight.py
./BitTorrent/platform.py
./BitTorrent/RateLimiter.py
./BitTorrent/TrayIcon.py
./BitTorrent/parseargs.py
./BitTorrent/NatCheck.py
./BitTorrent/Uploader.py
./BitTorrent/HTTPHandler.py
./BitTorrent/StorageWrapper.py
./BitTorrent/DownloaderFeedback.py
./BitTorrent/ClientIdentifier.py
./BitTorrent/RawServer.py
./BitTorrent/prefs.py
./launchmany-console.py
./changetracker-console.py
./maketorrent.py
./setup.py
./windows_installer/winsetup.py
./windows_installer/winmakei18n.py
./windows_installer/winprepnsi.py
